<?xml version="1.0" encoding="UTF-8"?>
<!-- Generated by org.testng.reporters.JUnitReportReporter -->
<testsuite hostname="TYSS-MF-WACOM1" name="hrma.scripts.TestScripts" tests="1" failures="0" timestamp="21 Mar 2018 02:02:55 GMT" time="20.663" errors="0">
  <testcase name="testCreateEmployee" time="20.663" classname="hrma.scripts.TestScripts"/>
</testsuite> <!-- hrma.scripts.TestScripts -->
